WARN [2019-04-22 15:41:43,859]  [Globals.java:138] [AWT-EventQueue-0]  Development mode is enabled
INFO [2019-04-22 15:41:43,903]  [DirectoryManager.java:171] [AWT-EventQueue-0]  IGV Directory: /home/zach/igv
INFO [2019-04-22 15:41:43,903] [DirectoryManager.java:171]  IGV Directory: /home/zach/igv
INFO [2019-04-22 15:41:43,905]  [Main.java:167] [AWT-EventQueue-0]  Startup  IGV Version 2.4.11 07/02/2018 05:55 PM
INFO [2019-04-22 15:41:43,905]  [Main.java:168] [AWT-EventQueue-0]  Java 1.8.0_212
INFO [2019-04-22 15:41:43,906]  [DirectoryManager.java:76] [AWT-EventQueue-0]  Fetching user directory... 
INFO [2019-04-22 15:41:43,922]  [Main.java:169] [AWT-EventQueue-0]  Default User Directory: /home/zach
INFO [2019-04-22 15:41:43,922]  [Main.java:170] [AWT-EventQueue-0]  OS: Linux


Apr 22, 2019 3:41:43 PM java.util.prefs.FileSystemPreferences$6 run
WARNING: Prefs file removed in background /home/zach/.java/.userPrefs/prefs.xml
INFO [2019-04-22 15:42:04,227]  [GenomeManager.java:186] [pool-2-thread-1]  Loading genome: /home/zach/igv/genomes/dm6.genome
INFO [2019-04-22 15:42:05,589]  [GenomeComboBox.java:79] [AWT-EventQueue-0]  Enter genome combo box
INFO [2019-04-22 15:42:05,664]  [GenomeManager.java:275] [pool-2-thread-1]  Genome loaded.  id= dm6
INFO [2019-04-22 15:42:05,806]  [CommandListener.java:120] [Thread-7]  Listening on port 60151
INFO [2019-04-22 15:42:15,131]  [TrackLoader.java:132] [Thread-9]  Loading resource, path /home/zach/dowell_lab/drosophila/tdfs/Taf_1_S4_R1_001.rpkm.tdf
INFO [2019-04-22 15:42:15,135]  [TrackLoader.java:132] [Thread-10]  Loading resource, path /home/zach/dowell_lab/drosophila/tdfs/Control_3_S3_R1_001.rpkm.tdf
INFO [2019-04-22 15:42:15,139]  [TrackLoader.java:132] [Thread-11]  Loading resource, path /home/zach/dowell_lab/drosophila/tdfs/Taf_3_S6_R1_001.rpkm.tdf
INFO [2019-04-22 15:42:15,131]  [TrackLoader.java:132] [Thread-8]  Loading resource, path /home/zach/dowell_lab/drosophila/tdfs/Control_1_S1_R1_001.rpkm.tdf
INFO [2019-04-22 15:42:15,143]  [TrackLoader.java:132] [Thread-12]  Loading resource, path /home/zach/dowell_lab/drosophila/tdfs/Taf_2_S5_R1_001.rpkm.tdf
INFO [2019-04-22 15:42:15,155]  [TrackLoader.java:132] [Thread-13]  Loading resource, path /home/zach/dowell_lab/drosophila/tdfs/Control_2_S2_R1_001.rpkm.tdf
INFO [2019-04-22 15:42:18,045]  [HttpUtils.java:930] [pool-1-thread-1]  Range-byte request succeeded
INFO [2019-04-22 15:45:38,377]  [ShutdownThread.java:47] [Thread-2]  Shutting down
